<?xml version="1.0" encoding="UTF-8"?>
<!-- Generated by org.testng.reporters.JUnitReportReporter -->
<testsuite hostname="ckumarsi-WX-1" name="com.reg.qa.testcases.HomeepageTest" tests="1" failures="0" timestamp="29 Jun 2018 07:45:22 GMT" time="8.979" errors="0">
  <testcase name="HomeepageTileTest" time="8.979" classname="com.reg.qa.testcases.HomeepageTest"/>
</testsuite> <!-- com.reg.qa.testcases.HomeepageTest -->
